  Assembling SHA256D_1.asm...
SHA256D_1.asm(221): error A2006: undefined symbol : RAX
C:\Program Files (x86)\MSBuild\Microsoft.Cpp\v4.0\V140\BuildCustomizations\masm.targets(50,5): error MSB3721: The command "ml.exe /c /nologo /Zi /Fo"Debug\SHA256D_1.obj" /W3 /errorReport:prompt  /TaSHA256D_1.asm" exited with code 1.
